C:\USERS\JESSE DEROCHIE\DESKTOP\LAB_3_INERTIA_TENSOR_DEROCHIE_JESSE_COMPLETE\LAB_3_INERTIA_TENSOR_DEROCHIE_JESSE\DEBUG\CALCULATOR.OBJ
C:\USERS\JESSE DEROCHIE\DESKTOP\LAB_3_INERTIA_TENSOR_DEROCHIE_JESSE_COMPLETE\LAB_3_INERTIA_TENSOR_DEROCHIE_JESSE\DEBUG\ERROR.OBJ
C:\USERS\JESSE DEROCHIE\DESKTOP\LAB_3_INERTIA_TENSOR_DEROCHIE_JESSE_COMPLETE\LAB_3_INERTIA_TENSOR_DEROCHIE_JESSE\DEBUG\MAIN.OBJ
C:\USERS\JESSE DEROCHIE\DESKTOP\LAB_3_INERTIA_TENSOR_DEROCHIE_JESSE_COMPLETE\LAB_3_INERTIA_TENSOR_DEROCHIE_JESSE\DEBUG\PHYSICSENGINE.OBJ
C:\USERS\JESSE DEROCHIE\DESKTOP\LAB_3_INERTIA_TENSOR_DEROCHIE_JESSE_COMPLETE\LAB_3_INERTIA_TENSOR_DEROCHIE_JESSE\DEBUG\SHAPE.OBJ
C:\USERS\JESSE DEROCHIE\DESKTOP\LAB_3_INERTIA_TENSOR_DEROCHIE_JESSE_COMPLETE\LAB_3_INERTIA_TENSOR_DEROCHIE_JESSE\DEBUG\SIMULATOR.OBJ
C:\USERS\JESSE DEROCHIE\DESKTOP\LAB_3_INERTIA_TENSOR_DEROCHIE_JESSE_COMPLETE\LAB_3_INERTIA_TENSOR_DEROCHIE_JESSE\DEBUG\VC110.PDB
C:\USERS\JESSE DEROCHIE\DESKTOP\LAB_3_INERTIA_TENSOR_DEROCHIE_JESSE_COMPLETE\DEBUG\LAB_3_INERTIA_TENSOR_DEROCHIE_JESSE.ILK
C:\USERS\JESSE DEROCHIE\DESKTOP\LAB_3_INERTIA_TENSOR_DEROCHIE_JESSE_COMPLETE\DEBUG\LAB_3_INERTIA_TENSOR_DEROCHIE_JESSE.EXE
C:\USERS\JESSE DEROCHIE\DESKTOP\LAB_3_INERTIA_TENSOR_DEROCHIE_JESSE_COMPLETE\DEBUG\LAB_3_INERTIA_TENSOR_DEROCHIE_JESSE.PDB
C:\Users\Jesse Derochie\Desktop\Lab_3_Inertia_Tensor_Derochie_Jesse_Complete\Lab_3_Inertia_Tensor_Derochie_Jesse\Debug\Calculator.obj
C:\Users\Jesse Derochie\Desktop\Lab_3_Inertia_Tensor_Derochie_Jesse_Complete\Lab_3_Inertia_Tensor_Derochie_Jesse\Debug\Error.obj
C:\Users\Jesse Derochie\Desktop\Lab_3_Inertia_Tensor_Derochie_Jesse_Complete\Lab_3_Inertia_Tensor_Derochie_Jesse\Debug\main.obj
C:\Users\Jesse Derochie\Desktop\Lab_3_Inertia_Tensor_Derochie_Jesse_Complete\Lab_3_Inertia_Tensor_Derochie_Jesse\Debug\PhysicsEngine.obj
C:\Users\Jesse Derochie\Desktop\Lab_3_Inertia_Tensor_Derochie_Jesse_Complete\Lab_3_Inertia_Tensor_Derochie_Jesse\Debug\Shape.obj
C:\Users\Jesse Derochie\Desktop\Lab_3_Inertia_Tensor_Derochie_Jesse_Complete\Lab_3_Inertia_Tensor_Derochie_Jesse\Debug\Simulator.obj
C:\Users\Jesse Derochie\Desktop\Lab_3_Inertia_Tensor_Derochie_Jesse_Complete\Lab_3_Inertia_Tensor_Derochie_Jesse\Debug\cl.command.1.tlog
C:\Users\Jesse Derochie\Desktop\Lab_3_Inertia_Tensor_Derochie_Jesse_Complete\Lab_3_Inertia_Tensor_Derochie_Jesse\Debug\CL.read.1.tlog
C:\Users\Jesse Derochie\Desktop\Lab_3_Inertia_Tensor_Derochie_Jesse_Complete\Lab_3_Inertia_Tensor_Derochie_Jesse\Debug\CL.write.1.tlog
C:\Users\Jesse Derochie\Desktop\Lab_3_Inertia_Tensor_Derochie_Jesse_Complete\Lab_3_Inertia_Tensor_Derochie_Jesse\Debug\link-cvtres.read.1.tlog
C:\Users\Jesse Derochie\Desktop\Lab_3_Inertia_Tensor_Derochie_Jesse_Complete\Lab_3_Inertia_Tensor_Derochie_Jesse\Debug\link-cvtres.write.1.tlog
C:\Users\Jesse Derochie\Desktop\Lab_3_Inertia_Tensor_Derochie_Jesse_Complete\Lab_3_Inertia_Tensor_Derochie_Jesse\Debug\link-rc.read.1.tlog
C:\Users\Jesse Derochie\Desktop\Lab_3_Inertia_Tensor_Derochie_Jesse_Complete\Lab_3_Inertia_Tensor_Derochie_Jesse\Debug\link-rc.write.1.tlog
C:\Users\Jesse Derochie\Desktop\Lab_3_Inertia_Tensor_Derochie_Jesse_Complete\Lab_3_Inertia_Tensor_Derochie_Jesse\Debug\link.1196-cvtres.read.1.tlog
C:\Users\Jesse Derochie\Desktop\Lab_3_Inertia_Tensor_Derochie_Jesse_Complete\Lab_3_Inertia_Tensor_Derochie_Jesse\Debug\link.1196-cvtres.write.1.tlog
C:\Users\Jesse Derochie\Desktop\Lab_3_Inertia_Tensor_Derochie_Jesse_Complete\Lab_3_Inertia_Tensor_Derochie_Jesse\Debug\link.1196-rc.read.1.tlog
C:\Users\Jesse Derochie\Desktop\Lab_3_Inertia_Tensor_Derochie_Jesse_Complete\Lab_3_Inertia_Tensor_Derochie_Jesse\Debug\link.1196-rc.write.1.tlog
C:\Users\Jesse Derochie\Desktop\Lab_3_Inertia_Tensor_Derochie_Jesse_Complete\Lab_3_Inertia_Tensor_Derochie_Jesse\Debug\link.1196.read.1.tlog
C:\Users\Jesse Derochie\Desktop\Lab_3_Inertia_Tensor_Derochie_Jesse_Complete\Lab_3_Inertia_Tensor_Derochie_Jesse\Debug\link.1196.write.1.tlog
C:\Users\Jesse Derochie\Desktop\Lab_3_Inertia_Tensor_Derochie_Jesse_Complete\Lab_3_Inertia_Tensor_Derochie_Jesse\Debug\link.3548-cvtres.read.1.tlog
C:\Users\Jesse Derochie\Desktop\Lab_3_Inertia_Tensor_Derochie_Jesse_Complete\Lab_3_Inertia_Tensor_Derochie_Jesse\Debug\link.3548-cvtres.write.1.tlog
C:\Users\Jesse Derochie\Desktop\Lab_3_Inertia_Tensor_Derochie_Jesse_Complete\Lab_3_Inertia_Tensor_Derochie_Jesse\Debug\link.3548-rc.read.1.tlog
C:\Users\Jesse Derochie\Desktop\Lab_3_Inertia_Tensor_Derochie_Jesse_Complete\Lab_3_Inertia_Tensor_Derochie_Jesse\Debug\link.3548-rc.write.1.tlog
C:\Users\Jesse Derochie\Desktop\Lab_3_Inertia_Tensor_Derochie_Jesse_Complete\Lab_3_Inertia_Tensor_Derochie_Jesse\Debug\link.3548.read.1.tlog
C:\Users\Jesse Derochie\Desktop\Lab_3_Inertia_Tensor_Derochie_Jesse_Complete\Lab_3_Inertia_Tensor_Derochie_Jesse\Debug\link.3548.write.1.tlog
C:\Users\Jesse Derochie\Desktop\Lab_3_Inertia_Tensor_Derochie_Jesse_Complete\Lab_3_Inertia_Tensor_Derochie_Jesse\Debug\link.3580-cvtres.read.1.tlog
C:\Users\Jesse Derochie\Desktop\Lab_3_Inertia_Tensor_Derochie_Jesse_Complete\Lab_3_Inertia_Tensor_Derochie_Jesse\Debug\link.3580-cvtres.write.1.tlog
C:\Users\Jesse Derochie\Desktop\Lab_3_Inertia_Tensor_Derochie_Jesse_Complete\Lab_3_Inertia_Tensor_Derochie_Jesse\Debug\link.3580-rc.read.1.tlog
C:\Users\Jesse Derochie\Desktop\Lab_3_Inertia_Tensor_Derochie_Jesse_Complete\Lab_3_Inertia_Tensor_Derochie_Jesse\Debug\link.3580-rc.write.1.tlog
C:\Users\Jesse Derochie\Desktop\Lab_3_Inertia_Tensor_Derochie_Jesse_Complete\Lab_3_Inertia_Tensor_Derochie_Jesse\Debug\link.3580.read.1.tlog
C:\Users\Jesse Derochie\Desktop\Lab_3_Inertia_Tensor_Derochie_Jesse_Complete\Lab_3_Inertia_Tensor_Derochie_Jesse\Debug\link.3580.write.1.tlog
C:\Users\Jesse Derochie\Desktop\Lab_3_Inertia_Tensor_Derochie_Jesse_Complete\Lab_3_Inertia_Tensor_Derochie_Jesse\Debug\link.5108-cvtres.read.1.tlog
C:\Users\Jesse Derochie\Desktop\Lab_3_Inertia_Tensor_Derochie_Jesse_Complete\Lab_3_Inertia_Tensor_Derochie_Jesse\Debug\link.5108-cvtres.write.1.tlog
C:\Users\Jesse Derochie\Desktop\Lab_3_Inertia_Tensor_Derochie_Jesse_Complete\Lab_3_Inertia_Tensor_Derochie_Jesse\Debug\link.5108-rc.read.1.tlog
C:\Users\Jesse Derochie\Desktop\Lab_3_Inertia_Tensor_Derochie_Jesse_Complete\Lab_3_Inertia_Tensor_Derochie_Jesse\Debug\link.5108-rc.write.1.tlog
C:\Users\Jesse Derochie\Desktop\Lab_3_Inertia_Tensor_Derochie_Jesse_Complete\Lab_3_Inertia_Tensor_Derochie_Jesse\Debug\link.5108.read.1.tlog
C:\Users\Jesse Derochie\Desktop\Lab_3_Inertia_Tensor_Derochie_Jesse_Complete\Lab_3_Inertia_Tensor_Derochie_Jesse\Debug\link.5108.write.1.tlog
C:\Users\Jesse Derochie\Desktop\Lab_3_Inertia_Tensor_Derochie_Jesse_Complete\Lab_3_Inertia_Tensor_Derochie_Jesse\Debug\link.516-cvtres.read.1.tlog
C:\Users\Jesse Derochie\Desktop\Lab_3_Inertia_Tensor_Derochie_Jesse_Complete\Lab_3_Inertia_Tensor_Derochie_Jesse\Debug\link.516-cvtres.write.1.tlog
C:\Users\Jesse Derochie\Desktop\Lab_3_Inertia_Tensor_Derochie_Jesse_Complete\Lab_3_Inertia_Tensor_Derochie_Jesse\Debug\link.516-rc.read.1.tlog
C:\Users\Jesse Derochie\Desktop\Lab_3_Inertia_Tensor_Derochie_Jesse_Complete\Lab_3_Inertia_Tensor_Derochie_Jesse\Debug\link.516-rc.write.1.tlog
C:\Users\Jesse Derochie\Desktop\Lab_3_Inertia_Tensor_Derochie_Jesse_Complete\Lab_3_Inertia_Tensor_Derochie_Jesse\Debug\link.516.read.1.tlog
C:\Users\Jesse Derochie\Desktop\Lab_3_Inertia_Tensor_Derochie_Jesse_Complete\Lab_3_Inertia_Tensor_Derochie_Jesse\Debug\link.516.write.1.tlog
C:\Users\Jesse Derochie\Desktop\Lab_3_Inertia_Tensor_Derochie_Jesse_Complete\Lab_3_Inertia_Tensor_Derochie_Jesse\Debug\link.6900-cvtres.read.1.tlog
C:\Users\Jesse Derochie\Desktop\Lab_3_Inertia_Tensor_Derochie_Jesse_Complete\Lab_3_Inertia_Tensor_Derochie_Jesse\Debug\link.6900-cvtres.write.1.tlog
C:\Users\Jesse Derochie\Desktop\Lab_3_Inertia_Tensor_Derochie_Jesse_Complete\Lab_3_Inertia_Tensor_Derochie_Jesse\Debug\link.6900-rc.read.1.tlog
C:\Users\Jesse Derochie\Desktop\Lab_3_Inertia_Tensor_Derochie_Jesse_Complete\Lab_3_Inertia_Tensor_Derochie_Jesse\Debug\link.6900-rc.write.1.tlog
C:\Users\Jesse Derochie\Desktop\Lab_3_Inertia_Tensor_Derochie_Jesse_Complete\Lab_3_Inertia_Tensor_Derochie_Jesse\Debug\link.6900.read.1.tlog
C:\Users\Jesse Derochie\Desktop\Lab_3_Inertia_Tensor_Derochie_Jesse_Complete\Lab_3_Inertia_Tensor_Derochie_Jesse\Debug\link.6900.write.1.tlog
C:\Users\Jesse Derochie\Desktop\Lab_3_Inertia_Tensor_Derochie_Jesse_Complete\Lab_3_Inertia_Tensor_Derochie_Jesse\Debug\link.command.1.tlog
C:\Users\Jesse Derochie\Desktop\Lab_3_Inertia_Tensor_Derochie_Jesse_Complete\Lab_3_Inertia_Tensor_Derochie_Jesse\Debug\link.read.1.tlog
C:\Users\Jesse Derochie\Desktop\Lab_3_Inertia_Tensor_Derochie_Jesse_Complete\Lab_3_Inertia_Tensor_Derochie_Jesse\Debug\link.write.1.tlog
C:\Users\Jesse Derochie\Desktop\Lab_3_Inertia_Tensor_Derochie_Jesse_Complete\Lab_3_Inertia_Tensor_Derochie_Jesse\Debug\vc110.idb
C:\Users\Jesse Derochie\Desktop\Lab_3_Inertia_Tensor_Derochie_Jesse_Complete\Lab_3_Inertia_Tensor_Derochie_Jesse\Debug\vc110.pdb
C:\Users\Jesse Derochie\Desktop\Lab_3_Inertia_Tensor_Derochie_Jesse_Complete\Debug\Lab_3_Inertia_Tensor_Derochie_Jesse.pdb
C:\Users\Jesse Derochie\Desktop\Lab_3_Inertia_Tensor_Derochie_Jesse_Complete\Debug\Lab_3_Inertia_Tensor_Derochie_Jesse.exe
C:\Users\Jesse Derochie\Desktop\Lab_3_Inertia_Tensor_Derochie_Jesse_Complete\Debug\Lab_3_Inertia_Tensor_Derochie_Jesse.ilk
