Build started 2/8/2015 10:44:19 PM.
     1>Project "C:\Users\Jesse Derochie\Desktop\Lab_3_Inertia_Tensor_Derochie_Jesse_Complete\Lab_3_Inertia_Tensor_Derochie_Jesse\Lab_3_Inertia_Tensor_Derochie_Jesse.vcxproj" on node 2 (Build target(s)).
     1>ClCompile:
         C:\Program Files (x86)\Microsoft Visual Studio 11.0\VC\bin\CL.exe /c /ZI /nologo /W3 /WX- /sdl /Od /Oy- /D WIN32 /D _DEBUG /D _CONSOLE /D _UNICODE /D UNICODE /Gm /EHsc /RTC1 /MDd /GS /fp:precise /Zc:wchar_t /Zc:forScope /Fo"Debug\\" /Fd"Debug\vc110.pdb" /Gd /TP /analyze- /errorReport:prompt PhysicsEngine.cpp
         PhysicsEngine.cpp
     1>c:\users\jesse derochie\desktop\lab_3_inertia_tensor_derochie_jesse_complete\lab_3_inertia_tensor_derochie_jesse\physicsengine.cpp(728): warning C4244: 'argument' : conversion from 'double' to 'float', possible loss of data
     1>c:\users\jesse derochie\desktop\lab_3_inertia_tensor_derochie_jesse_complete\lab_3_inertia_tensor_derochie_jesse\physicsengine.cpp(735): warning C4244: 'argument' : conversion from 'double' to 'float', possible loss of data
     1>c:\users\jesse derochie\desktop\lab_3_inertia_tensor_derochie_jesse_complete\lab_3_inertia_tensor_derochie_jesse\physicsengine.cpp(742): warning C4244: 'argument' : conversion from 'double' to 'float', possible loss of data
     1>c:\users\jesse derochie\desktop\lab_3_inertia_tensor_derochie_jesse_complete\lab_3_inertia_tensor_derochie_jesse\physicsengine.cpp(1121): warning C4244: 'argument' : conversion from 'double' to 'float', possible loss of data
     1>c:\users\jesse derochie\desktop\lab_3_inertia_tensor_derochie_jesse_complete\lab_3_inertia_tensor_derochie_jesse\physicsengine.cpp(1122): warning C4244: 'argument' : conversion from 'double' to 'float', possible loss of data
     1>c:\users\jesse derochie\desktop\lab_3_inertia_tensor_derochie_jesse_complete\lab_3_inertia_tensor_derochie_jesse\physicsengine.cpp(1123): warning C4244: 'argument' : conversion from 'double' to 'float', possible loss of data
     1>c:\users\jesse derochie\desktop\lab_3_inertia_tensor_derochie_jesse_complete\lab_3_inertia_tensor_derochie_jesse\physicsengine.cpp(1125): warning C4244: 'argument' : conversion from 'double' to 'float', possible loss of data
     1>c:\users\jesse derochie\desktop\lab_3_inertia_tensor_derochie_jesse_complete\lab_3_inertia_tensor_derochie_jesse\physicsengine.cpp(1126): warning C4244: 'argument' : conversion from 'double' to 'float', possible loss of data
     1>c:\users\jesse derochie\desktop\lab_3_inertia_tensor_derochie_jesse_complete\lab_3_inertia_tensor_derochie_jesse\physicsengine.cpp(1127): warning C4244: 'argument' : conversion from 'double' to 'float', possible loss of data
     1>c:\users\jesse derochie\desktop\lab_3_inertia_tensor_derochie_jesse_complete\lab_3_inertia_tensor_derochie_jesse\physicsengine.cpp(1138): warning C4244: 'argument' : conversion from 'double' to 'float', possible loss of data
     1>c:\users\jesse derochie\desktop\lab_3_inertia_tensor_derochie_jesse_complete\lab_3_inertia_tensor_derochie_jesse\physicsengine.cpp(1139): warning C4244: 'argument' : conversion from 'double' to 'float', possible loss of data
     1>c:\users\jesse derochie\desktop\lab_3_inertia_tensor_derochie_jesse_complete\lab_3_inertia_tensor_derochie_jesse\physicsengine.cpp(1140): warning C4244: 'argument' : conversion from 'double' to 'float', possible loss of data
     1>c:\users\jesse derochie\desktop\lab_3_inertia_tensor_derochie_jesse_complete\lab_3_inertia_tensor_derochie_jesse\physicsengine.cpp(1142): warning C4244: 'argument' : conversion from 'double' to 'float', possible loss of data
     1>c:\users\jesse derochie\desktop\lab_3_inertia_tensor_derochie_jesse_complete\lab_3_inertia_tensor_derochie_jesse\physicsengine.cpp(1143): warning C4244: 'argument' : conversion from 'double' to 'float', possible loss of data
     1>c:\users\jesse derochie\desktop\lab_3_inertia_tensor_derochie_jesse_complete\lab_3_inertia_tensor_derochie_jesse\physicsengine.cpp(1144): warning C4244: 'argument' : conversion from 'double' to 'float', possible loss of data
     1>c:\users\jesse derochie\desktop\lab_3_inertia_tensor_derochie_jesse_complete\lab_3_inertia_tensor_derochie_jesse\physicsengine.cpp(1396): warning C4244: 'initializing' : conversion from 'double' to 'float', possible loss of data
       Link:
         C:\Program Files (x86)\Microsoft Visual Studio 11.0\VC\bin\link.exe /ERRORREPORT:PROMPT /OUT:"C:\Users\Jesse Derochie\Desktop\Lab_3_Inertia_Tensor_Derochie_Jesse_Complete\Debug\Lab_3_Inertia_Tensor_Derochie_Jesse.exe" /INCREMENTAL /NOLOGO kernel32.lib user32.lib gdi32.lib winspool.lib comdlg32.lib advapi32.lib shell32.lib ole32.lib oleaut32.lib uuid.lib odbc32.lib odbccp32.lib /MANIFEST /MANIFESTUAC:"level='asInvoker' uiAccess='false'" /manifest:embed /DEBUG /PDB:"C:\Users\Jesse Derochie\Desktop\Lab_3_Inertia_Tensor_Derochie_Jesse_Complete\Debug\Lab_3_Inertia_Tensor_Derochie_Jesse.pdb" /SUBSYSTEM:CONSOLE /TLBID:1 /DYNAMICBASE /NXCOMPAT /IMPLIB:"C:\Users\Jesse Derochie\Desktop\Lab_3_Inertia_Tensor_Derochie_Jesse_Complete\Debug\Lab_3_Inertia_Tensor_Derochie_Jesse.lib" /MACHINE:X86 Debug\Calculator.obj
         Debug\Error.obj
         Debug\main.obj
         Debug\PhysicsEngine.obj
         Debug\Shape.obj
         Debug\Simulator.obj
         Lab_3_Inertia_Tensor_Derochie_Jesse.vcxproj -> C:\Users\Jesse Derochie\Desktop\Lab_3_Inertia_Tensor_Derochie_Jesse_Complete\Debug\Lab_3_Inertia_Tensor_Derochie_Jesse.exe
     1>Done Building Project "C:\Users\Jesse Derochie\Desktop\Lab_3_Inertia_Tensor_Derochie_Jesse_Complete\Lab_3_Inertia_Tensor_Derochie_Jesse\Lab_3_Inertia_Tensor_Derochie_Jesse.vcxproj" (Build target(s)).

Build succeeded.

Time Elapsed 00:00:02.06
